<?xml version="1.0" encoding="UTF-8"?>
<testsuite xmlns:xsi="http://www.w3.org/2001/XMLSchema-instance" xsi:noNamespaceSchemaLocation="https://maven.apache.org/surefire/maven-surefire-plugin/xsd/surefire-test-report.xsd" name="uk.org.mule.jwt.internal.JwtOperationsTestCase" time="8.814" tests="2" errors="0" skipped="0" failures="0">
  <properties>
    <property name="gopherProxySet" value="false"/>
    <property name="awt.toolkit" value="sun.lwawt.macosx.LWCToolkit"/>
    <property name="file.encoding.pkg" value="sun.io"/>
    <property name="java.specification.version" value="1.8"/>
    <property name="sun.cpu.isalist" value=""/>
    <property name="sun.jnu.encoding" value="UTF-8"/>
    <property name="java.class.path" value="/Users/c.hughes/dev/jwt-module/target/test-classes:/Users/c.hughes/dev/jwt-module/target/classes:/Users/c.hughes/.m2/repository/io/jsonwebtoken/jjwt-api/0.11.2/jjwt-api-0.11.2.jar:/Users/c.hughes/.m2/repository/io/jsonwebtoken/jjwt-impl/0.11.2/jjwt-impl-0.11.2.jar:/Users/c.hughes/.m2/repository/io/jsonwebtoken/jjwt-jackson/0.11.2/jjwt-jackson-0.11.2.jar:/Users/c.hughes/.m2/repository/com/fasterxml/jackson/core/jackson-databind/2.9.10.4/jackson-databind-2.9.10.4.jar:/Users/c.hughes/.m2/repository/com/fasterxml/jackson/core/jackson-annotations/2.9.10/jackson-annotations-2.9.10.jar:/Users/c.hughes/.m2/repository/com/fasterxml/jackson/core/jackson-core/2.9.10/jackson-core-2.9.10.jar:/Users/c.hughes/.m2/repository/org/mule/sdk/mule-sdk-api/0.4.0/mule-sdk-api-0.4.0.jar:/Users/c.hughes/.m2/repository/org/mule/runtime/mule-extensions-api/1.4.0/mule-extensions-api-1.4.0.jar:/Users/c.hughes/.m2/repository/org/mule/runtime/mule-connectivity-api/1.0.0/mule-connectivity-api-1.0.0.jar:/Users/c.hughes/.m2/repository/com/google/guava/guava/30.1.1-jre/guava-30.1.1-jre.jar:/Users/c.hughes/.m2/repository/com/google/guava/failureaccess/1.0.1/failureaccess-1.0.1.jar:/Users/c.hughes/.m2/repository/com/google/guava/listenablefuture/9999.0-empty-to-avoid-conflict-with-guava/listenablefuture-9999.0-empty-to-avoid-conflict-with-guava.jar:/Users/c.hughes/.m2/repository/com/google/code/findbugs/jsr305/3.0.2/jsr305-3.0.2.jar:/Users/c.hughes/.m2/repository/org/checkerframework/checker-qual/3.8.0/checker-qual-3.8.0.jar:/Users/c.hughes/.m2/repository/com/google/errorprone/error_prone_annotations/2.5.1/error_prone_annotations-2.5.1.jar:/Users/c.hughes/.m2/repository/com/google/j2objc/j2objc-annotations/1.3/j2objc-annotations-1.3.jar:/Users/c.hughes/.m2/repository/org/reactivestreams/reactive-streams/1.0.2/reactive-streams-1.0.2.jar:/Users/c.hughes/.m2/repository/org/mule/glassfish/jaxb/jaxb-runtime/2.3.1-MULE-001/jaxb-runtime-2.3.1-MULE-001.jar:/Users/c.hughes/.m2/repository/org/mule/glassfish/jaxb/txw2/2.3.1-MULE-001/txw2-2.3.1-MULE-001.jar:/Users/c.hughes/.m2/repository/com/sun/istack/istack-commons-runtime/3.0.7/istack-commons-runtime-3.0.7.jar:/Users/c.hughes/.m2/repository/org/jvnet/staxex/stax-ex/1.8/stax-ex-1.8.jar:/Users/c.hughes/.m2/repository/com/sun/xml/fastinfoset/FastInfoset/1.2.15/FastInfoset-1.2.15.jar:/Users/c.hughes/.m2/repository/javax/activation/javax.activation-api/1.2.0/javax.activation-api-1.2.0.jar:/Users/c.hughes/.m2/repository/com/sun/activation/javax.activation/1.2.0/javax.activation-1.2.0.jar:/Users/c.hughes/.m2/repository/javax/transaction/javax.transaction-api/1.3/javax.transaction-api-1.3.jar:/Users/c.hughes/.m2/repository/org/mule/runtime/mule-api/1.4.0/mule-api-1.4.0.jar:/Users/c.hughes/.m2/repository/org/mule/runtime/mule-metadata-model-api/1.4.0/mule-metadata-model-api-1.4.0.jar:/Users/c.hughes/.m2/repository/org/mule/runtime/mule-message-metadata-model/1.4.0/mule-message-metadata-model-1.4.0.jar:/Users/c.hughes/.m2/repository/org/apache/commons/commons-lang3/3.7/commons-lang3-3.7.jar:/Users/c.hughes/.m2/repository/commons-io/commons-io/2.8.0/commons-io-2.8.0.jar:/Users/c.hughes/.m2/repository/org/slf4j/slf4j-api/1.7.30/slf4j-api-1.7.30.jar:/Users/c.hughes/.m2/repository/javax/inject/javax.inject/1/javax.inject-1.jar:/Users/c.hughes/.m2/repository/com/github/ben-manes/caffeine/caffeine/2.8.0/caffeine-2.8.0.jar:/Users/c.hughes/.m2/repository/com/vdurmont/semver4j/3.1.0/semver4j-3.1.0.jar:/Users/c.hughes/.m2/repository/org/mule/runtime/mule-artifact-declaration/1.4.0/mule-artifact-declaration-1.4.0.jar:/Users/c.hughes/.m2/repository/org/mule/runtime/mule-artifact-declaration-persistence/1.4.0/mule-artifact-declaration-persistence-1.4.0.jar:/Users/c.hughes/.m2/repository/org/mule/runtime/api-annotations/1.3.0/api-annotations-1.3.0.jar:/Users/c.hughes/.m2/repository/org/mule/runtime/mule-core/4.4.0/mule-core-4.4.0.jar:/Users/c.hughes/.m2/repository/org/mule/runtime/mule-runtime-extension-model/4.4.0/mule-runtime-extension-model-4.4.0.jar:/Users/c.hughes/.m2/repository/org/mule/runtime/mule-metadata-model-catalog/1.4.0/mule-metadata-model-catalog-1.4.0.jar:/Users/c.hughes/.m2/repository/org/mule/runtime/mule-metadata-model-raml/1.4.0/mule-metadata-model-raml-1.4.0.jar:/Users/c.hughes/.m2/repository/org/raml/raml-parser-2/1.0.44-1/raml-parser-2-1.0.44-1.jar:/Users/c.hughes/.m2/repository/org/raml/yagi/1.0.44-1/yagi-1.0.44-1.jar:/Users/c.hughes/.m2/repository/commons-lang/commons-lang/2.6/commons-lang-2.6.jar:/Users/c.hughes/.m2/repository/com/google/code/findbugs/annotations/3.0.0/annotations-3.0.0.jar:/Users/c.hughes/.m2/repository/com/fasterxml/jackson/module/jackson-module-jsonSchema/2.10.0/jackson-module-jsonSchema-2.10.0.jar:/Users/c.hughes/.m2/repository/javax/validation/validation-api/1.1.0.Final/validation-api-1.1.0.Final.jar:/Users/c.hughes/.m2/repository/com/github/java-json-tools/json-schema-validator/2.2.10/json-schema-validator-2.2.10.jar:/Users/c.hughes/.m2/repository/com/github/java-json-tools/json-schema-core/1.2.10/json-schema-core-1.2.10.jar:/Users/c.hughes/.m2/repository/com/github/java-json-tools/jackson-coreutils/1.9/jackson-coreutils-1.9.jar:/Users/c.hughes/.m2/repository/com/github/fge/msg-simple/1.1/msg-simple-1.1.jar:/Users/c.hughes/.m2/repository/com/github/fge/btf/1.2/btf-1.2.jar:/Users/c.hughes/.m2/repository/com/github/fge/uri-template/0.9/uri-template-0.9.jar:/Users/c.hughes/.m2/repository/com/googlecode/libphonenumber/libphonenumber/8.0.0/libphonenumber-8.0.0.jar:/Users/c.hughes/.m2/repository/net/sf/jopt-simple/jopt-simple/5.0.3/jopt-simple-5.0.3.jar:/Users/c.hughes/.m2/repository/com/googlecode/juniversalchardet/juniversalchardet/1.0.3/juniversalchardet-1.0.3.jar:/Users/c.hughes/.m2/repository/org/apache/ws/xmlschema/xmlschema-core/2.2.1/xmlschema-core-2.2.1.jar:/Users/c.hughes/.m2/repository/javax/json/javax.json-api/1.0/javax.json-api-1.0.jar:/Users/c.hughes/.m2/repository/org/glassfish/javax.json/1.0.4/javax.json-1.0.4.jar:/Users/c.hughes/.m2/repository/org/mozilla/rhino/1.7.12/rhino-1.7.12.jar:/Users/c.hughes/.m2/repository/org/mule/runtime/mule-artifact-ast/1.0.0/mule-artifact-ast-1.0.0.jar:/Users/c.hughes/.m2/repository/org/mule/runtime/mule-module-dsl-api/1.4.0/mule-module-dsl-api-1.4.0.jar:/Users/c.hughes/.m2/repository/xml-apis/xml-apis/1.4.01/xml-apis-1.4.01.jar:/Users/c.hughes/.m2/repository/org/mule/runtime/mule-module-http-policy-api/1.4.0/mule-module-http-policy-api-1.4.0.jar:/Users/c.hughes/.m2/repository/org/mule/runtime/mule-module-policy-api/1.4.0/mule-module-policy-api-1.4.0.jar:/Users/c.hughes/.m2/repository/commons-beanutils/commons-beanutils/1.9.4/commons-beanutils-1.9.4.jar:/Users/c.hughes/.m2/repository/org/mule/com/github/stephenc/eaio-uuid/uuid/3.4.2-MULE-001/uuid-3.4.2-MULE-001.jar:/Users/c.hughes/.m2/repository/javax/annotation/javax.annotation-api/1.3.2/javax.annotation-api-1.3.2.jar:/Users/c.hughes/.m2/repository/commons-cli/commons-cli/1.2/commons-cli-1.2.jar:/Users/c.hughes/.m2/repository/commons-collections/commons-collections/3.2.2/commons-collections-3.2.2.jar:/Users/c.hughes/.m2/repository/commons-pool/commons-pool/1.6/commons-pool-1.6.jar:/Users/c.hughes/.m2/repository/org/apache/geronimo/specs/geronimo-j2ee-connector_1.5_spec/2.0.0/geronimo-j2ee-connector_1.5_spec-2.0.0.jar:/Users/c.hughes/.m2/repository/org/mule/mvel/mule-mvel2/2.1.9-MULE-020/mule-mvel2-2.1.9-MULE-020.jar:/Users/c.hughes/.m2/repository/org/jgrapht/jgrapht-core/1.3.1/jgrapht-core-1.3.1.jar:/Users/c.hughes/.m2/repository/org/jheaps/jheaps/0.10/jheaps-0.10.jar:/Users/c.hughes/.m2/repository/org/reflections/reflections/0.9.10/reflections-0.9.10.jar:/Users/c.hughes/.m2/repository/io/projectreactor/reactor-core/3.2.12.RELEASE/reactor-core-3.2.12.RELEASE.jar:/Users/c.hughes/.m2/repository/io/projectreactor/addons/reactor-extra/3.2.3.RELEASE/reactor-extra-3.2.3.RELEASE.jar:/Users/c.hughes/.m2/repository/cglib/cglib-nodep/3.2.10/cglib-nodep-3.2.10.jar:/Users/c.hughes/.m2/repository/org/apache/commons/commons-pool2/2.6.2/commons-pool2-2.6.2.jar:/Users/c.hughes/.m2/repository/org/apache/commons/commons-math3/3.6.1/commons-math3-3.6.1.jar:/Users/c.hughes/.m2/repository/it/unimi/dsi/fastutil/8.1.1/fastutil-8.1.1.jar:/Users/c.hughes/.m2/repository/net/jodah/failsafe/2.1.1/failsafe-2.1.1.jar:/Users/c.hughes/.m2/repository/org/vibur/vibur-object-pool/23.0/vibur-object-pool-23.0.jar:/Users/c.hughes/.m2/repository/com/conversantmedia/disruptor/1.2.10/disruptor-1.2.10.jar:/Users/c.hughes/.m2/repository/javax/jms/javax.jms-api/2.0.1/javax.jms-api-2.0.1.jar:/Users/c.hughes/.m2/repository/org/mule/runtime/mule-module-spring-config/4.4.0/mule-module-spring-config-4.4.0.jar:/Users/c.hughes/.m2/repository/org/mule/runtime/mule-module-artifact/4.4.0/mule-module-artifact-4.4.0.jar:/Users/c.hughes/.m2/repository/org/eclipse/aether/aether-util/1.0.2.v20150114/aether-util-1.0.2.v20150114.jar:/Users/c.hughes/.m2/repository/org/eclipse/aether/aether-api/1.0.2.v20150114/aether-api-1.0.2.v20150114.jar:/Users/c.hughes/.m2/repository/org/mule/runtime/mule-artifact-ast-xml-parser/1.0.0/mule-artifact-ast-xml-parser-1.0.0.jar:/Users/c.hughes/.m2/repository/org/mule/runtime/mule-properties-api/1.0.0/mule-properties-api-1.0.0.jar:/Users/c.hughes/.m2/repository/org/yaml/snakeyaml/1.26/snakeyaml-1.26.jar:/Users/c.hughes/.m2/repository/org/mule/runtime/mule-artifact-ast-dependency-graph/1.0.0/mule-artifact-ast-dependency-graph-1.0.0.jar:/Users/c.hughes/.m2/repository/org/springframework/spring-context/5.1.6.RELEASE/spring-context-5.1.6.RELEASE.jar:/Users/c.hughes/.m2/repository/org/springframework/spring-beans/5.1.6.RELEASE/spring-beans-5.1.6.RELEASE.jar:/Users/c.hughes/.m2/repository/org/springframework/spring-core/5.1.6.RELEASE/spring-core-5.1.6.RELEASE.jar:/Users/c.hughes/.m2/repository/org/springframework/spring-jcl/5.1.6.RELEASE/spring-jcl-5.1.6.RELEASE.jar:/Users/c.hughes/.m2/repository/org/springframework/spring-expression/5.1.6.RELEASE/spring-expression-5.1.6.RELEASE.jar:/Users/c.hughes/.m2/repository/org/springframework/spring-aop/5.1.6.RELEASE/spring-aop-5.1.6.RELEASE.jar:/Users/c.hughes/.m2/repository/org/mule/runtime/mule-module-logging/4.4.0/mule-module-logging-4.4.0.jar:/Users/c.hughes/.m2/repository/com/lmax/disruptor/3.3.7/disruptor-3.3.7.jar:/Users/c.hughes/.m2/repository/org/slf4j/slf4j-ext/1.7.30/slf4j-ext-1.7.30.jar:/Users/c.hughes/.m2/repository/org/apache/logging/log4j/log4j-api/2.13.3/log4j-api-2.13.3.jar:/Users/c.hughes/.m2/repository/org/apache/logging/log4j/log4j-core/2.13.3/log4j-core-2.13.3.jar:/Users/c.hughes/.m2/repository/org/apache/logging/log4j/log4j-slf4j-impl/2.13.3/log4j-slf4j-impl-2.13.3.jar:/Users/c.hughes/.m2/repository/org/apache/logging/log4j/log4j-1.2-api/2.13.3/log4j-1.2-api-2.13.3.jar:/Users/c.hughes/.m2/repository/org/slf4j/jcl-over-slf4j/1.7.30/jcl-over-slf4j-1.7.30.jar:/Users/c.hughes/.m2/repository/org/slf4j/jul-to-slf4j/1.7.30/jul-to-slf4j-1.7.30.jar:/Users/c.hughes/.m2/repository/org/mule/runtime/mule-module-deployment-model/4.4.0/mule-module-deployment-model-4.4.0.jar:/Users/c.hughes/.m2/repository/org/mule/runtime/mule-module-reboot/4.4.0/mule-module-reboot-4.4.0.jar:/Users/c.hughes/.m2/repository/tanukisoft/wrapper/3.2.3/wrapper-3.2.3.jar:/Users/c.hughes/.m2/repository/org/mule/runtime/mule-module-extensions-support/4.4.0/mule-module-extensions-support-4.4.0.jar:/Users/c.hughes/.m2/repository/org/mule/runtime/mule-extensions-api-dsql/1.4.0/mule-extensions-api-dsql-1.4.0.jar:/Users/c.hughes/.m2/repository/org/antlr/antlr-runtime/3.5.2/antlr-runtime-3.5.2.jar:/Users/c.hughes/.m2/repository/org/mule/runtime/mule-extensions-api-persistence/1.4.0/mule-extensions-api-persistence-1.4.0.jar:/Users/c.hughes/.m2/repository/org/mule/runtime/mule-metadata-model-persistence/1.4.0/mule-metadata-model-persistence-1.4.0.jar:/Users/c.hughes/.m2/repository/org/mule/runtime/mule-connectivity-api-persistence/1.0.0/mule-connectivity-api-persistence-1.0.0.jar:/Users/c.hughes/.m2/repository/org/mule/runtime/mule-service-oauth-api/4.4.0/mule-service-oauth-api-4.4.0.jar:/Users/c.hughes/.m2/repository/org/mule/commons/mule-oauth-client/1.0.0/mule-oauth-client-1.0.0.jar:/Users/c.hughes/.m2/repository/net/bytebuddy/byte-buddy/1.10.7/byte-buddy-1.10.7.jar:/Users/c.hughes/.m2/repository/org/mule/runtime/mule-module-extensions-spring-support/4.4.0/mule-module-extensions-spring-support-4.4.0.jar:/Users/c.hughes/.m2/repository/org/jsoup/jsoup/1.14.2/jsoup-1.14.2.jar:/Users/c.hughes/.m2/repository/org/mule/runtime/mule-module-extensions-soap-support/4.4.0/mule-module-extensions-soap-support-4.4.0.jar:/Users/c.hughes/.m2/repository/org/mule/runtime/mule-extensions-soap-api/1.4.0/mule-extensions-soap-api-1.4.0.jar:/Users/c.hughes/.m2/repository/org/mule/runtime/mule-service-soap-api/4.4.0/mule-service-soap-api-4.4.0.jar:/Users/c.hughes/.m2/repository/org/mule/runtime/mule-service-http-api/4.4.0/mule-service-http-api-4.4.0.jar:/Users/c.hughes/.m2/repository/org/mule/runtime/mule-module-tls/4.4.0/mule-module-tls-4.4.0.jar:/Users/c.hughes/.m2/repository/joda-time/joda-time/2.9.1/joda-time-2.9.1.jar:/Users/c.hughes/.m2/repository/org/dom4j/dom4j/2.1.3/dom4j-2.1.3.jar:/Users/c.hughes/.m2/repository/org/mule/runtime/mule-extension-ast-loader/1.3.0/mule-extension-ast-loader-1.3.0.jar:/Users/c.hughes/.m2/repository/org/mule/runtime/mule-metadata-model-java-ast/1.4.0/mule-metadata-model-java-ast-1.4.0.jar:/Users/c.hughes/.m2/repository/org/mule/runtime/mule-metadata-model-xml/1.4.0/mule-metadata-model-xml-1.4.0.jar:/Users/c.hughes/.m2/repository/org/apache/xmlbeans/xmlbeans/3.1.0/xmlbeans-3.1.0.jar:/Users/c.hughes/.m2/repository/org/mule/apache/xerces2-xsd11/2.11.3/xerces2-xsd11-2.11.3.jar:/Users/c.hughes/.m2/repository/org/mule/runtime/mule-metadata-model-java/1.4.0/mule-metadata-model-java-1.4.0.jar:/Users/c.hughes/.m2/repository/org/mule/runtime/mule-metadata-model-json/1.4.0/mule-metadata-model-json-1.4.0.jar:/Users/c.hughes/.m2/repository/com/google/code/gson/gson/2.8.5/gson-2.8.5.jar:/Users/c.hughes/.m2/repository/org/everit/json/org.everit.json.schema/1.5.1/org.everit.json.schema-1.5.1.jar:/Users/c.hughes/.m2/repository/org/json/json/20160810/json-20160810.jar:/Users/c.hughes/.m2/repository/org/mule/runtime/mule-module-service/4.4.0/mule-module-service-4.4.0.jar:/Users/c.hughes/.m2/repository/org/mule/runtime/mule-module-container/4.4.0/mule-module-container-4.4.0.jar:/Users/c.hughes/.m2/repository/org/mule/tools/maven/mule-classloader-model/3.5.2/mule-classloader-model-3.5.2.jar:/Users/c.hughes/.m2/repository/org/mule/services/mule-service-weave/2.4.0/mule-service-weave-2.4.0-mule-service.jar:/Users/c.hughes/.m2/repository/org/mule/weave/runtime/2.4.0/runtime-2.4.0.jar:/Users/c.hughes/.m2/repository/org/mule/weave/core/2.4.0/core-2.4.0.jar:/Users/c.hughes/.m2/repository/org/mule/weave/parser/2.4.0/parser-2.4.0.jar:/Users/c.hughes/.m2/repository/org/parboiled/parboiled_2.12/2.1.5/parboiled_2.12-2.1.5.jar:/Users/c.hughes/.m2/repository/com/chuusai/shapeless_2.12/2.3.3/shapeless_2.12-2.3.3.jar:/Users/c.hughes/.m2/repository/org/typelevel/macro-compat_2.12/1.1.1/macro-compat_2.12-1.1.1.jar:/Users/c.hughes/.m2/repository/org/typelevel/spire_2.12/0.14.1/spire_2.12-0.14.1.jar:/Users/c.hughes/.m2/repository/org/typelevel/spire-macros_2.12/0.14.1/spire-macros_2.12-0.14.1.jar:/Users/c.hughes/.m2/repository/org/typelevel/machinist_2.12/0.6.1/machinist_2.12-0.6.1.jar:/Users/c.hughes/.m2/repository/org/scala-lang/scala-reflect/2.12.0/scala-reflect-2.12.0.jar:/Users/c.hughes/.m2/repository/org/typelevel/algebra_2.12/0.7.0/algebra_2.12-0.7.0.jar:/Users/c.hughes/.m2/repository/org/typelevel/cats-kernel_2.12/0.9.0/cats-kernel_2.12-0.9.0.jar:/Users/c.hughes/.m2/repository/org/mule/weave/debugger/2.4.0/debugger-2.4.0.jar:/Users/c.hughes/.m2/repository/org/mule/weave/wlang/2.4.0/wlang-2.4.0.jar:/Users/c.hughes/.m2/repository/org/mule/weave/java-module/2.4.0/java-module-2.4.0.jar:/Users/c.hughes/.m2/repository/org/mule/weave/core-modules/2.4.0/core-modules-2.4.0.jar:/Users/c.hughes/.m2/repository/org/scala-lang/scala-library/2.12.10/scala-library-2.12.10.jar:/Users/c.hughes/.m2/repository/com/fasterxml/woodstox/woodstox-core/6.2.3/woodstox-core-6.2.3.jar:/Users/c.hughes/.m2/repository/org/codehaus/woodstox/stax2-api/4.2.1/stax2-api-4.2.1.jar:/Users/c.hughes/.m2/repository/com/fasterxml/aalto-xml/1.2.2/aalto-xml-1.2.2.jar:/Users/c.hughes/.m2/repository/com/sun/mail/jakarta.mail/1.6.4/jakarta.mail-1.6.4.jar:/Users/c.hughes/.m2/repository/com/sun/activation/jakarta.activation/1.2.1/jakarta.activation-1.2.1.jar:/Users/c.hughes/.m2/repository/org/mule/weave/yaml-module/2.4.0/yaml-module-2.4.0.jar:/Users/c.hughes/.m2/repository/org/mule/syaml/syaml_2.12/1.1.306/syaml_2.12-1.1.306.jar:/Users/c.hughes/.m2/repository/org/mule/common/scala-common_2.12/1.0.83/scala-common_2.12-1.0.83.jar:/Users/c.hughes/.m2/repository/org/mule/weave/ndjson-module/2.4.0/ndjson-module-2.4.0.jar:/Users/c.hughes/.m2/repository/org/mule/weave/avro-module/2.4.0/avro-module-2.4.0.jar:/Users/c.hughes/.m2/repository/org/apache/avro/avro/1.10.0/avro-1.10.0.jar:/Users/c.hughes/.m2/repository/org/apache/commons/commons-compress/1.21/commons-compress-1.21.jar:/Users/c.hughes/.m2/repository/org/mule/weave/dwb-module/2.4.0/dwb-module-2.4.0.jar:/Users/c.hughes/.m2/repository/org/mule/runtime/mule-dwb-api/2.4.0/mule-dwb-api-2.4.0.jar:/Users/c.hughes/.m2/repository/org/mule/weave/dwb-api/2.4.0/dwb-api-2.4.0.jar:/Users/c.hughes/.m2/repository/org/mule/runtime/mule-module-javaee/4.4.0/mule-module-javaee-4.4.0.jar:/Users/c.hughes/.m2/repository/javax/jws/javax.jws-api/1.1/javax.jws-api-1.1.jar:/Users/c.hughes/.m2/repository/javax/xml/bind/jaxb-api/2.3.1/jaxb-api-2.3.1.jar:/Users/c.hughes/.m2/repository/com/sun/xml/bind/jaxb-impl/2.3.1-MULE-001/jaxb-impl-2.3.1-MULE-001.jar:/Users/c.hughes/.m2/repository/com/sun/xml/bind/jaxb-core/2.3.0.1/jaxb-core-2.3.0.1.jar:/Users/c.hughes/.m2/repository/javax/xml/soap/javax.xml.soap-api/1.4.0/javax.xml.soap-api-1.4.0.jar:/Users/c.hughes/.m2/repository/javax/xml/ws/jaxws-api/2.3.1/jaxws-api-2.3.1.jar:/Users/c.hughes/.m2/repository/org/mule/tests/plugin/mule-tests-component-plugin/4.4.0/mule-tests-component-plugin-4.4.0-mule-plugin.jar:/Users/c.hughes/.m2/repository/org/mule/tests/mule-tests-functional/4.4.0/mule-tests-functional-4.4.0.jar:/Users/c.hughes/.m2/repository/org/mule/runtime/mule-module-service/4.4.0/mule-module-service-4.4.0-tests.jar:/Users/c.hughes/.m2/repository/org/mule/runtime/mule-module-artifact/4.4.0/mule-module-artifact-4.4.0-tests.jar:/Users/c.hughes/.m2/repository/org/mule/tests/mule-tests-model/4.4.0/mule-tests-model-4.4.0.jar:/Users/c.hughes/.m2/repository/org/mule/tests/mule-tests-runner/4.4.0/mule-tests-runner-4.4.0.jar:/Users/c.hughes/.m2/repository/org/mule/mule-maven-client-api/1.6.0/mule-maven-client-api-1.6.0.jar:/Users/c.hughes/.m2/repository/org/apache/maven/maven-model/3.3.9/maven-model-3.3.9.jar:/Users/c.hughes/.m2/repository/org/codehaus/plexus/plexus-utils/3.0.24/plexus-utils-3.0.24.jar:/Users/c.hughes/.m2/repository/org/mule/mule-maven-client-impl/1.6.0/mule-maven-client-impl-1.6.0.jar:/Users/c.hughes/.m2/repository/org/eclipse/aether/aether-connector-basic/1.0.2.v20150114/aether-connector-basic-1.0.2.v20150114.jar:/Users/c.hughes/.m2/repository/org/eclipse/aether/aether-spi/1.0.2.v20150114/aether-spi-1.0.2.v20150114.jar:/Users/c.hughes/.m2/repository/org/eclipse/aether/aether-transport-file/1.0.2.v20150114/aether-transport-file-1.0.2.v20150114.jar:/Users/c.hughes/.m2/repository/org/eclipse/aether/aether-transport-wagon/1.0.2.v20150114/aether-transport-wagon-1.0.2.v20150114.jar:/Users/c.hughes/.m2/repository/org/apache/maven/wagon/wagon-http/3.4.2/wagon-http-3.4.2.jar:/Users/c.hughes/.m2/repository/org/apache/maven/wagon/wagon-http-shared/3.4.2/wagon-http-shared-3.4.2.jar:/Users/c.hughes/.m2/repository/org/apache/httpcomponents/httpcore/4.4.13/httpcore-4.4.13.jar:/Users/c.hughes/.m2/repository/org/apache/maven/wagon/wagon-provider-api/3.4.2/wagon-provider-api-3.4.2.jar:/Users/c.hughes/.m2/repository/org/apache/httpcomponents/httpclient/4.5.13/httpclient-4.5.13.jar:/Users/c.hughes/.m2/repository/commons-logging/commons-logging/1.2/commons-logging-1.2.jar:/Users/c.hughes/.m2/repository/commons-codec/commons-codec/1.11/commons-codec-1.11.jar:/Users/c.hughes/.m2/repository/org/apache/maven/maven-settings-builder/3.3.9/maven-settings-builder-3.3.9.jar:/Users/c.hughes/.m2/repository/org/apache/maven/maven-builder-support/3.3.9/maven-builder-support-3.3.9.jar:/Users/c.hughes/.m2/repository/org/codehaus/plexus/plexus-interpolation/1.21/plexus-interpolation-1.21.jar:/Users/c.hughes/.m2/repository/org/codehaus/plexus/plexus-component-annotations/1.6/plexus-component-annotations-1.6.jar:/Users/c.hughes/.m2/repository/org/apache/maven/maven-settings/3.3.9/maven-settings-3.3.9.jar:/Users/c.hughes/.m2/repository/org/sonatype/plexus/plexus-sec-dispatcher/1.3/plexus-sec-dispatcher-1.3.jar:/Users/c.hughes/.m2/repository/org/sonatype/plexus/plexus-cipher/1.4/plexus-cipher-1.4.jar:/Users/c.hughes/.m2/repository/org/apache/maven/maven-aether-provider/3.3.9/maven-aether-provider-3.3.9.jar:/Users/c.hughes/.m2/repository/org/apache/maven/maven-model-builder/3.3.9/maven-model-builder-3.3.9.jar:/Users/c.hughes/.m2/repository/org/apache/maven/maven-artifact/3.3.9/maven-artifact-3.3.9.jar:/Users/c.hughes/.m2/repository/org/apache/maven/maven-repository-metadata/3.3.9/maven-repository-metadata-3.3.9.jar:/Users/c.hughes/.m2/repository/org/eclipse/aether/aether-impl/1.0.2.v20150114/aether-impl-1.0.2.v20150114.jar:/Users/c.hughes/.m2/repository/com/beust/jcommander/1.69/jcommander-1.69.jar:/Users/c.hughes/.m2/repository/org/eclipse/sisu/org.eclipse.sisu.plexus/0.3.2/org.eclipse.sisu.plexus-0.3.2.jar:/Users/c.hughes/.m2/repository/junit/junit/4.12/junit-4.12.jar:/Users/c.hughes/.m2/repository/org/mule/tests/mule-tests-unit/4.4.0/mule-tests-unit-4.4.0.jar:/Users/c.hughes/.m2/repository/org/mockito/mockito-core/2.26.0/mockito-core-2.26.0.jar:/Users/c.hughes/.m2/repository/net/bytebuddy/byte-buddy-agent/1.9.10/byte-buddy-agent-1.9.10.jar:/Users/c.hughes/.m2/repository/org/objenesis/objenesis/2.6/objenesis-2.6.jar:/Users/c.hughes/.m2/repository/org/hamcrest/hamcrest-library/1.3/hamcrest-library-1.3.jar:/Users/c.hughes/.m2/repository/org/hamcrest/hamcrest-core/1.3/hamcrest-core-1.3.jar:"/>
    <property name="java.vm.vendor" value="AdoptOpenJDK"/>
    <property name="sun.arch.data.model" value="64"/>
    <property name="java.vendor.url" value="https://adoptopenjdk.net/"/>
    <property name="user.timezone" value=""/>
    <property name="java.vm.specification.version" value="1.8"/>
    <property name="os.name" value="Mac OS X"/>
    <property name="user.country" value="GB"/>
    <property name="sun.java.launcher" value="SUN_STANDARD"/>
    <property name="sun.boot.library.path" value="/Library/Java/JavaVirtualMachines/adoptopenjdk-8.jdk/Contents/Home/jre/lib"/>
    <property name="sun.java.command" value="/Users/c.hughes/dev/jwt-module/target/surefire/surefirebooter739553758637968332.jar /Users/c.hughes/dev/jwt-module/target/surefire 2022-01-28T09-11-50_710-jvmRun1 surefire7805472994534678830tmp surefire_01579308519306528136tmp"/>
    <property name="surefire.test.class.path" value="/Users/c.hughes/dev/jwt-module/target/test-classes:/Users/c.hughes/dev/jwt-module/target/classes:/Users/c.hughes/.m2/repository/io/jsonwebtoken/jjwt-api/0.11.2/jjwt-api-0.11.2.jar:/Users/c.hughes/.m2/repository/io/jsonwebtoken/jjwt-impl/0.11.2/jjwt-impl-0.11.2.jar:/Users/c.hughes/.m2/repository/io/jsonwebtoken/jjwt-jackson/0.11.2/jjwt-jackson-0.11.2.jar:/Users/c.hughes/.m2/repository/com/fasterxml/jackson/core/jackson-databind/2.9.10.4/jackson-databind-2.9.10.4.jar:/Users/c.hughes/.m2/repository/com/fasterxml/jackson/core/jackson-annotations/2.9.10/jackson-annotations-2.9.10.jar:/Users/c.hughes/.m2/repository/com/fasterxml/jackson/core/jackson-core/2.9.10/jackson-core-2.9.10.jar:/Users/c.hughes/.m2/repository/org/mule/sdk/mule-sdk-api/0.4.0/mule-sdk-api-0.4.0.jar:/Users/c.hughes/.m2/repository/org/mule/runtime/mule-extensions-api/1.4.0/mule-extensions-api-1.4.0.jar:/Users/c.hughes/.m2/repository/org/mule/runtime/mule-connectivity-api/1.0.0/mule-connectivity-api-1.0.0.jar:/Users/c.hughes/.m2/repository/com/google/guava/guava/30.1.1-jre/guava-30.1.1-jre.jar:/Users/c.hughes/.m2/repository/com/google/guava/failureaccess/1.0.1/failureaccess-1.0.1.jar:/Users/c.hughes/.m2/repository/com/google/guava/listenablefuture/9999.0-empty-to-avoid-conflict-with-guava/listenablefuture-9999.0-empty-to-avoid-conflict-with-guava.jar:/Users/c.hughes/.m2/repository/com/google/code/findbugs/jsr305/3.0.2/jsr305-3.0.2.jar:/Users/c.hughes/.m2/repository/org/checkerframework/checker-qual/3.8.0/checker-qual-3.8.0.jar:/Users/c.hughes/.m2/repository/com/google/errorprone/error_prone_annotations/2.5.1/error_prone_annotations-2.5.1.jar:/Users/c.hughes/.m2/repository/com/google/j2objc/j2objc-annotations/1.3/j2objc-annotations-1.3.jar:/Users/c.hughes/.m2/repository/org/reactivestreams/reactive-streams/1.0.2/reactive-streams-1.0.2.jar:/Users/c.hughes/.m2/repository/org/mule/glassfish/jaxb/jaxb-runtime/2.3.1-MULE-001/jaxb-runtime-2.3.1-MULE-001.jar:/Users/c.hughes/.m2/repository/org/mule/glassfish/jaxb/txw2/2.3.1-MULE-001/txw2-2.3.1-MULE-001.jar:/Users/c.hughes/.m2/repository/com/sun/istack/istack-commons-runtime/3.0.7/istack-commons-runtime-3.0.7.jar:/Users/c.hughes/.m2/repository/org/jvnet/staxex/stax-ex/1.8/stax-ex-1.8.jar:/Users/c.hughes/.m2/repository/com/sun/xml/fastinfoset/FastInfoset/1.2.15/FastInfoset-1.2.15.jar:/Users/c.hughes/.m2/repository/javax/activation/javax.activation-api/1.2.0/javax.activation-api-1.2.0.jar:/Users/c.hughes/.m2/repository/com/sun/activation/javax.activation/1.2.0/javax.activation-1.2.0.jar:/Users/c.hughes/.m2/repository/javax/transaction/javax.transaction-api/1.3/javax.transaction-api-1.3.jar:/Users/c.hughes/.m2/repository/org/mule/runtime/mule-api/1.4.0/mule-api-1.4.0.jar:/Users/c.hughes/.m2/repository/org/mule/runtime/mule-metadata-model-api/1.4.0/mule-metadata-model-api-1.4.0.jar:/Users/c.hughes/.m2/repository/org/mule/runtime/mule-message-metadata-model/1.4.0/mule-message-metadata-model-1.4.0.jar:/Users/c.hughes/.m2/repository/org/apache/commons/commons-lang3/3.7/commons-lang3-3.7.jar:/Users/c.hughes/.m2/repository/commons-io/commons-io/2.8.0/commons-io-2.8.0.jar:/Users/c.hughes/.m2/repository/org/slf4j/slf4j-api/1.7.30/slf4j-api-1.7.30.jar:/Users/c.hughes/.m2/repository/javax/inject/javax.inject/1/javax.inject-1.jar:/Users/c.hughes/.m2/repository/com/github/ben-manes/caffeine/caffeine/2.8.0/caffeine-2.8.0.jar:/Users/c.hughes/.m2/repository/com/vdurmont/semver4j/3.1.0/semver4j-3.1.0.jar:/Users/c.hughes/.m2/repository/org/mule/runtime/mule-artifact-declaration/1.4.0/mule-artifact-declaration-1.4.0.jar:/Users/c.hughes/.m2/repository/org/mule/runtime/mule-artifact-declaration-persistence/1.4.0/mule-artifact-declaration-persistence-1.4.0.jar:/Users/c.hughes/.m2/repository/org/mule/runtime/api-annotations/1.3.0/api-annotations-1.3.0.jar:/Users/c.hughes/.m2/repository/org/mule/runtime/mule-core/4.4.0/mule-core-4.4.0.jar:/Users/c.hughes/.m2/repository/org/mule/runtime/mule-runtime-extension-model/4.4.0/mule-runtime-extension-model-4.4.0.jar:/Users/c.hughes/.m2/repository/org/mule/runtime/mule-metadata-model-catalog/1.4.0/mule-metadata-model-catalog-1.4.0.jar:/Users/c.hughes/.m2/repository/org/mule/runtime/mule-metadata-model-raml/1.4.0/mule-metadata-model-raml-1.4.0.jar:/Users/c.hughes/.m2/repository/org/raml/raml-parser-2/1.0.44-1/raml-parser-2-1.0.44-1.jar:/Users/c.hughes/.m2/repository/org/raml/yagi/1.0.44-1/yagi-1.0.44-1.jar:/Users/c.hughes/.m2/repository/commons-lang/commons-lang/2.6/commons-lang-2.6.jar:/Users/c.hughes/.m2/repository/com/google/code/findbugs/annotations/3.0.0/annotations-3.0.0.jar:/Users/c.hughes/.m2/repository/com/fasterxml/jackson/module/jackson-module-jsonSchema/2.10.0/jackson-module-jsonSchema-2.10.0.jar:/Users/c.hughes/.m2/repository/javax/validation/validation-api/1.1.0.Final/validation-api-1.1.0.Final.jar:/Users/c.hughes/.m2/repository/com/github/java-json-tools/json-schema-validator/2.2.10/json-schema-validator-2.2.10.jar:/Users/c.hughes/.m2/repository/com/github/java-json-tools/json-schema-core/1.2.10/json-schema-core-1.2.10.jar:/Users/c.hughes/.m2/repository/com/github/java-json-tools/jackson-coreutils/1.9/jackson-coreutils-1.9.jar:/Users/c.hughes/.m2/repository/com/github/fge/msg-simple/1.1/msg-simple-1.1.jar:/Users/c.hughes/.m2/repository/com/github/fge/btf/1.2/btf-1.2.jar:/Users/c.hughes/.m2/repository/com/github/fge/uri-template/0.9/uri-template-0.9.jar:/Users/c.hughes/.m2/repository/com/googlecode/libphonenumber/libphonenumber/8.0.0/libphonenumber-8.0.0.jar:/Users/c.hughes/.m2/repository/net/sf/jopt-simple/jopt-simple/5.0.3/jopt-simple-5.0.3.jar:/Users/c.hughes/.m2/repository/com/googlecode/juniversalchardet/juniversalchardet/1.0.3/juniversalchardet-1.0.3.jar:/Users/c.hughes/.m2/repository/org/apache/ws/xmlschema/xmlschema-core/2.2.1/xmlschema-core-2.2.1.jar:/Users/c.hughes/.m2/repository/javax/json/javax.json-api/1.0/javax.json-api-1.0.jar:/Users/c.hughes/.m2/repository/org/glassfish/javax.json/1.0.4/javax.json-1.0.4.jar:/Users/c.hughes/.m2/repository/org/mozilla/rhino/1.7.12/rhino-1.7.12.jar:/Users/c.hughes/.m2/repository/org/mule/runtime/mule-artifact-ast/1.0.0/mule-artifact-ast-1.0.0.jar:/Users/c.hughes/.m2/repository/org/mule/runtime/mule-module-dsl-api/1.4.0/mule-module-dsl-api-1.4.0.jar:/Users/c.hughes/.m2/repository/xml-apis/xml-apis/1.4.01/xml-apis-1.4.01.jar:/Users/c.hughes/.m2/repository/org/mule/runtime/mule-module-http-policy-api/1.4.0/mule-module-http-policy-api-1.4.0.jar:/Users/c.hughes/.m2/repository/org/mule/runtime/mule-module-policy-api/1.4.0/mule-module-policy-api-1.4.0.jar:/Users/c.hughes/.m2/repository/commons-beanutils/commons-beanutils/1.9.4/commons-beanutils-1.9.4.jar:/Users/c.hughes/.m2/repository/org/mule/com/github/stephenc/eaio-uuid/uuid/3.4.2-MULE-001/uuid-3.4.2-MULE-001.jar:/Users/c.hughes/.m2/repository/javax/annotation/javax.annotation-api/1.3.2/javax.annotation-api-1.3.2.jar:/Users/c.hughes/.m2/repository/commons-cli/commons-cli/1.2/commons-cli-1.2.jar:/Users/c.hughes/.m2/repository/commons-collections/commons-collections/3.2.2/commons-collections-3.2.2.jar:/Users/c.hughes/.m2/repository/commons-pool/commons-pool/1.6/commons-pool-1.6.jar:/Users/c.hughes/.m2/repository/org/apache/geronimo/specs/geronimo-j2ee-connector_1.5_spec/2.0.0/geronimo-j2ee-connector_1.5_spec-2.0.0.jar:/Users/c.hughes/.m2/repository/org/mule/mvel/mule-mvel2/2.1.9-MULE-020/mule-mvel2-2.1.9-MULE-020.jar:/Users/c.hughes/.m2/repository/org/jgrapht/jgrapht-core/1.3.1/jgrapht-core-1.3.1.jar:/Users/c.hughes/.m2/repository/org/jheaps/jheaps/0.10/jheaps-0.10.jar:/Users/c.hughes/.m2/repository/org/reflections/reflections/0.9.10/reflections-0.9.10.jar:/Users/c.hughes/.m2/repository/io/projectreactor/reactor-core/3.2.12.RELEASE/reactor-core-3.2.12.RELEASE.jar:/Users/c.hughes/.m2/repository/io/projectreactor/addons/reactor-extra/3.2.3.RELEASE/reactor-extra-3.2.3.RELEASE.jar:/Users/c.hughes/.m2/repository/cglib/cglib-nodep/3.2.10/cglib-nodep-3.2.10.jar:/Users/c.hughes/.m2/repository/org/apache/commons/commons-pool2/2.6.2/commons-pool2-2.6.2.jar:/Users/c.hughes/.m2/repository/org/apache/commons/commons-math3/3.6.1/commons-math3-3.6.1.jar:/Users/c.hughes/.m2/repository/it/unimi/dsi/fastutil/8.1.1/fastutil-8.1.1.jar:/Users/c.hughes/.m2/repository/net/jodah/failsafe/2.1.1/failsafe-2.1.1.jar:/Users/c.hughes/.m2/repository/org/vibur/vibur-object-pool/23.0/vibur-object-pool-23.0.jar:/Users/c.hughes/.m2/repository/com/conversantmedia/disruptor/1.2.10/disruptor-1.2.10.jar:/Users/c.hughes/.m2/repository/javax/jms/javax.jms-api/2.0.1/javax.jms-api-2.0.1.jar:/Users/c.hughes/.m2/repository/org/mule/runtime/mule-module-spring-config/4.4.0/mule-module-spring-config-4.4.0.jar:/Users/c.hughes/.m2/repository/org/mule/runtime/mule-module-artifact/4.4.0/mule-module-artifact-4.4.0.jar:/Users/c.hughes/.m2/repository/org/eclipse/aether/aether-util/1.0.2.v20150114/aether-util-1.0.2.v20150114.jar:/Users/c.hughes/.m2/repository/org/eclipse/aether/aether-api/1.0.2.v20150114/aether-api-1.0.2.v20150114.jar:/Users/c.hughes/.m2/repository/org/mule/runtime/mule-artifact-ast-xml-parser/1.0.0/mule-artifact-ast-xml-parser-1.0.0.jar:/Users/c.hughes/.m2/repository/org/mule/runtime/mule-properties-api/1.0.0/mule-properties-api-1.0.0.jar:/Users/c.hughes/.m2/repository/org/yaml/snakeyaml/1.26/snakeyaml-1.26.jar:/Users/c.hughes/.m2/repository/org/mule/runtime/mule-artifact-ast-dependency-graph/1.0.0/mule-artifact-ast-dependency-graph-1.0.0.jar:/Users/c.hughes/.m2/repository/org/springframework/spring-context/5.1.6.RELEASE/spring-context-5.1.6.RELEASE.jar:/Users/c.hughes/.m2/repository/org/springframework/spring-beans/5.1.6.RELEASE/spring-beans-5.1.6.RELEASE.jar:/Users/c.hughes/.m2/repository/org/springframework/spring-core/5.1.6.RELEASE/spring-core-5.1.6.RELEASE.jar:/Users/c.hughes/.m2/repository/org/springframework/spring-jcl/5.1.6.RELEASE/spring-jcl-5.1.6.RELEASE.jar:/Users/c.hughes/.m2/repository/org/springframework/spring-expression/5.1.6.RELEASE/spring-expression-5.1.6.RELEASE.jar:/Users/c.hughes/.m2/repository/org/springframework/spring-aop/5.1.6.RELEASE/spring-aop-5.1.6.RELEASE.jar:/Users/c.hughes/.m2/repository/org/mule/runtime/mule-module-logging/4.4.0/mule-module-logging-4.4.0.jar:/Users/c.hughes/.m2/repository/com/lmax/disruptor/3.3.7/disruptor-3.3.7.jar:/Users/c.hughes/.m2/repository/org/slf4j/slf4j-ext/1.7.30/slf4j-ext-1.7.30.jar:/Users/c.hughes/.m2/repository/org/apache/logging/log4j/log4j-api/2.13.3/log4j-api-2.13.3.jar:/Users/c.hughes/.m2/repository/org/apache/logging/log4j/log4j-core/2.13.3/log4j-core-2.13.3.jar:/Users/c.hughes/.m2/repository/org/apache/logging/log4j/log4j-slf4j-impl/2.13.3/log4j-slf4j-impl-2.13.3.jar:/Users/c.hughes/.m2/repository/org/apache/logging/log4j/log4j-1.2-api/2.13.3/log4j-1.2-api-2.13.3.jar:/Users/c.hughes/.m2/repository/org/slf4j/jcl-over-slf4j/1.7.30/jcl-over-slf4j-1.7.30.jar:/Users/c.hughes/.m2/repository/org/slf4j/jul-to-slf4j/1.7.30/jul-to-slf4j-1.7.30.jar:/Users/c.hughes/.m2/repository/org/mule/runtime/mule-module-deployment-model/4.4.0/mule-module-deployment-model-4.4.0.jar:/Users/c.hughes/.m2/repository/org/mule/runtime/mule-module-reboot/4.4.0/mule-module-reboot-4.4.0.jar:/Users/c.hughes/.m2/repository/tanukisoft/wrapper/3.2.3/wrapper-3.2.3.jar:/Users/c.hughes/.m2/repository/org/mule/runtime/mule-module-extensions-support/4.4.0/mule-module-extensions-support-4.4.0.jar:/Users/c.hughes/.m2/repository/org/mule/runtime/mule-extensions-api-dsql/1.4.0/mule-extensions-api-dsql-1.4.0.jar:/Users/c.hughes/.m2/repository/org/antlr/antlr-runtime/3.5.2/antlr-runtime-3.5.2.jar:/Users/c.hughes/.m2/repository/org/mule/runtime/mule-extensions-api-persistence/1.4.0/mule-extensions-api-persistence-1.4.0.jar:/Users/c.hughes/.m2/repository/org/mule/runtime/mule-metadata-model-persistence/1.4.0/mule-metadata-model-persistence-1.4.0.jar:/Users/c.hughes/.m2/repository/org/mule/runtime/mule-connectivity-api-persistence/1.0.0/mule-connectivity-api-persistence-1.0.0.jar:/Users/c.hughes/.m2/repository/org/mule/runtime/mule-service-oauth-api/4.4.0/mule-service-oauth-api-4.4.0.jar:/Users/c.hughes/.m2/repository/org/mule/commons/mule-oauth-client/1.0.0/mule-oauth-client-1.0.0.jar:/Users/c.hughes/.m2/repository/net/bytebuddy/byte-buddy/1.10.7/byte-buddy-1.10.7.jar:/Users/c.hughes/.m2/repository/org/mule/runtime/mule-module-extensions-spring-support/4.4.0/mule-module-extensions-spring-support-4.4.0.jar:/Users/c.hughes/.m2/repository/org/jsoup/jsoup/1.14.2/jsoup-1.14.2.jar:/Users/c.hughes/.m2/repository/org/mule/runtime/mule-module-extensions-soap-support/4.4.0/mule-module-extensions-soap-support-4.4.0.jar:/Users/c.hughes/.m2/repository/org/mule/runtime/mule-extensions-soap-api/1.4.0/mule-extensions-soap-api-1.4.0.jar:/Users/c.hughes/.m2/repository/org/mule/runtime/mule-service-soap-api/4.4.0/mule-service-soap-api-4.4.0.jar:/Users/c.hughes/.m2/repository/org/mule/runtime/mule-service-http-api/4.4.0/mule-service-http-api-4.4.0.jar:/Users/c.hughes/.m2/repository/org/mule/runtime/mule-module-tls/4.4.0/mule-module-tls-4.4.0.jar:/Users/c.hughes/.m2/repository/joda-time/joda-time/2.9.1/joda-time-2.9.1.jar:/Users/c.hughes/.m2/repository/org/dom4j/dom4j/2.1.3/dom4j-2.1.3.jar:/Users/c.hughes/.m2/repository/org/mule/runtime/mule-extension-ast-loader/1.3.0/mule-extension-ast-loader-1.3.0.jar:/Users/c.hughes/.m2/repository/org/mule/runtime/mule-metadata-model-java-ast/1.4.0/mule-metadata-model-java-ast-1.4.0.jar:/Users/c.hughes/.m2/repository/org/mule/runtime/mule-metadata-model-xml/1.4.0/mule-metadata-model-xml-1.4.0.jar:/Users/c.hughes/.m2/repository/org/apache/xmlbeans/xmlbeans/3.1.0/xmlbeans-3.1.0.jar:/Users/c.hughes/.m2/repository/org/mule/apache/xerces2-xsd11/2.11.3/xerces2-xsd11-2.11.3.jar:/Users/c.hughes/.m2/repository/org/mule/runtime/mule-metadata-model-java/1.4.0/mule-metadata-model-java-1.4.0.jar:/Users/c.hughes/.m2/repository/org/mule/runtime/mule-metadata-model-json/1.4.0/mule-metadata-model-json-1.4.0.jar:/Users/c.hughes/.m2/repository/com/google/code/gson/gson/2.8.5/gson-2.8.5.jar:/Users/c.hughes/.m2/repository/org/everit/json/org.everit.json.schema/1.5.1/org.everit.json.schema-1.5.1.jar:/Users/c.hughes/.m2/repository/org/json/json/20160810/json-20160810.jar:/Users/c.hughes/.m2/repository/org/mule/runtime/mule-module-service/4.4.0/mule-module-service-4.4.0.jar:/Users/c.hughes/.m2/repository/org/mule/runtime/mule-module-container/4.4.0/mule-module-container-4.4.0.jar:/Users/c.hughes/.m2/repository/org/mule/tools/maven/mule-classloader-model/3.5.2/mule-classloader-model-3.5.2.jar:/Users/c.hughes/.m2/repository/org/mule/services/mule-service-weave/2.4.0/mule-service-weave-2.4.0-mule-service.jar:/Users/c.hughes/.m2/repository/org/mule/weave/runtime/2.4.0/runtime-2.4.0.jar:/Users/c.hughes/.m2/repository/org/mule/weave/core/2.4.0/core-2.4.0.jar:/Users/c.hughes/.m2/repository/org/mule/weave/parser/2.4.0/parser-2.4.0.jar:/Users/c.hughes/.m2/repository/org/parboiled/parboiled_2.12/2.1.5/parboiled_2.12-2.1.5.jar:/Users/c.hughes/.m2/repository/com/chuusai/shapeless_2.12/2.3.3/shapeless_2.12-2.3.3.jar:/Users/c.hughes/.m2/repository/org/typelevel/macro-compat_2.12/1.1.1/macro-compat_2.12-1.1.1.jar:/Users/c.hughes/.m2/repository/org/typelevel/spire_2.12/0.14.1/spire_2.12-0.14.1.jar:/Users/c.hughes/.m2/repository/org/typelevel/spire-macros_2.12/0.14.1/spire-macros_2.12-0.14.1.jar:/Users/c.hughes/.m2/repository/org/typelevel/machinist_2.12/0.6.1/machinist_2.12-0.6.1.jar:/Users/c.hughes/.m2/repository/org/scala-lang/scala-reflect/2.12.0/scala-reflect-2.12.0.jar:/Users/c.hughes/.m2/repository/org/typelevel/algebra_2.12/0.7.0/algebra_2.12-0.7.0.jar:/Users/c.hughes/.m2/repository/org/typelevel/cats-kernel_2.12/0.9.0/cats-kernel_2.12-0.9.0.jar:/Users/c.hughes/.m2/repository/org/mule/weave/debugger/2.4.0/debugger-2.4.0.jar:/Users/c.hughes/.m2/repository/org/mule/weave/wlang/2.4.0/wlang-2.4.0.jar:/Users/c.hughes/.m2/repository/org/mule/weave/java-module/2.4.0/java-module-2.4.0.jar:/Users/c.hughes/.m2/repository/org/mule/weave/core-modules/2.4.0/core-modules-2.4.0.jar:/Users/c.hughes/.m2/repository/org/scala-lang/scala-library/2.12.10/scala-library-2.12.10.jar:/Users/c.hughes/.m2/repository/com/fasterxml/woodstox/woodstox-core/6.2.3/woodstox-core-6.2.3.jar:/Users/c.hughes/.m2/repository/org/codehaus/woodstox/stax2-api/4.2.1/stax2-api-4.2.1.jar:/Users/c.hughes/.m2/repository/com/fasterxml/aalto-xml/1.2.2/aalto-xml-1.2.2.jar:/Users/c.hughes/.m2/repository/com/sun/mail/jakarta.mail/1.6.4/jakarta.mail-1.6.4.jar:/Users/c.hughes/.m2/repository/com/sun/activation/jakarta.activation/1.2.1/jakarta.activation-1.2.1.jar:/Users/c.hughes/.m2/repository/org/mule/weave/yaml-module/2.4.0/yaml-module-2.4.0.jar:/Users/c.hughes/.m2/repository/org/mule/syaml/syaml_2.12/1.1.306/syaml_2.12-1.1.306.jar:/Users/c.hughes/.m2/repository/org/mule/common/scala-common_2.12/1.0.83/scala-common_2.12-1.0.83.jar:/Users/c.hughes/.m2/repository/org/mule/weave/ndjson-module/2.4.0/ndjson-module-2.4.0.jar:/Users/c.hughes/.m2/repository/org/mule/weave/avro-module/2.4.0/avro-module-2.4.0.jar:/Users/c.hughes/.m2/repository/org/apache/avro/avro/1.10.0/avro-1.10.0.jar:/Users/c.hughes/.m2/repository/org/apache/commons/commons-compress/1.21/commons-compress-1.21.jar:/Users/c.hughes/.m2/repository/org/mule/weave/dwb-module/2.4.0/dwb-module-2.4.0.jar:/Users/c.hughes/.m2/repository/org/mule/runtime/mule-dwb-api/2.4.0/mule-dwb-api-2.4.0.jar:/Users/c.hughes/.m2/repository/org/mule/weave/dwb-api/2.4.0/dwb-api-2.4.0.jar:/Users/c.hughes/.m2/repository/org/mule/runtime/mule-module-javaee/4.4.0/mule-module-javaee-4.4.0.jar:/Users/c.hughes/.m2/repository/javax/jws/javax.jws-api/1.1/javax.jws-api-1.1.jar:/Users/c.hughes/.m2/repository/javax/xml/bind/jaxb-api/2.3.1/jaxb-api-2.3.1.jar:/Users/c.hughes/.m2/repository/com/sun/xml/bind/jaxb-impl/2.3.1-MULE-001/jaxb-impl-2.3.1-MULE-001.jar:/Users/c.hughes/.m2/repository/com/sun/xml/bind/jaxb-core/2.3.0.1/jaxb-core-2.3.0.1.jar:/Users/c.hughes/.m2/repository/javax/xml/soap/javax.xml.soap-api/1.4.0/javax.xml.soap-api-1.4.0.jar:/Users/c.hughes/.m2/repository/javax/xml/ws/jaxws-api/2.3.1/jaxws-api-2.3.1.jar:/Users/c.hughes/.m2/repository/org/mule/tests/plugin/mule-tests-component-plugin/4.4.0/mule-tests-component-plugin-4.4.0-mule-plugin.jar:/Users/c.hughes/.m2/repository/org/mule/tests/mule-tests-functional/4.4.0/mule-tests-functional-4.4.0.jar:/Users/c.hughes/.m2/repository/org/mule/runtime/mule-module-service/4.4.0/mule-module-service-4.4.0-tests.jar:/Users/c.hughes/.m2/repository/org/mule/runtime/mule-module-artifact/4.4.0/mule-module-artifact-4.4.0-tests.jar:/Users/c.hughes/.m2/repository/org/mule/tests/mule-tests-model/4.4.0/mule-tests-model-4.4.0.jar:/Users/c.hughes/.m2/repository/org/mule/tests/mule-tests-runner/4.4.0/mule-tests-runner-4.4.0.jar:/Users/c.hughes/.m2/repository/org/mule/mule-maven-client-api/1.6.0/mule-maven-client-api-1.6.0.jar:/Users/c.hughes/.m2/repository/org/apache/maven/maven-model/3.3.9/maven-model-3.3.9.jar:/Users/c.hughes/.m2/repository/org/codehaus/plexus/plexus-utils/3.0.24/plexus-utils-3.0.24.jar:/Users/c.hughes/.m2/repository/org/mule/mule-maven-client-impl/1.6.0/mule-maven-client-impl-1.6.0.jar:/Users/c.hughes/.m2/repository/org/eclipse/aether/aether-connector-basic/1.0.2.v20150114/aether-connector-basic-1.0.2.v20150114.jar:/Users/c.hughes/.m2/repository/org/eclipse/aether/aether-spi/1.0.2.v20150114/aether-spi-1.0.2.v20150114.jar:/Users/c.hughes/.m2/repository/org/eclipse/aether/aether-transport-file/1.0.2.v20150114/aether-transport-file-1.0.2.v20150114.jar:/Users/c.hughes/.m2/repository/org/eclipse/aether/aether-transport-wagon/1.0.2.v20150114/aether-transport-wagon-1.0.2.v20150114.jar:/Users/c.hughes/.m2/repository/org/apache/maven/wagon/wagon-http/3.4.2/wagon-http-3.4.2.jar:/Users/c.hughes/.m2/repository/org/apache/maven/wagon/wagon-http-shared/3.4.2/wagon-http-shared-3.4.2.jar:/Users/c.hughes/.m2/repository/org/apache/httpcomponents/httpcore/4.4.13/httpcore-4.4.13.jar:/Users/c.hughes/.m2/repository/org/apache/maven/wagon/wagon-provider-api/3.4.2/wagon-provider-api-3.4.2.jar:/Users/c.hughes/.m2/repository/org/apache/httpcomponents/httpclient/4.5.13/httpclient-4.5.13.jar:/Users/c.hughes/.m2/repository/commons-logging/commons-logging/1.2/commons-logging-1.2.jar:/Users/c.hughes/.m2/repository/commons-codec/commons-codec/1.11/commons-codec-1.11.jar:/Users/c.hughes/.m2/repository/org/apache/maven/maven-settings-builder/3.3.9/maven-settings-builder-3.3.9.jar:/Users/c.hughes/.m2/repository/org/apache/maven/maven-builder-support/3.3.9/maven-builder-support-3.3.9.jar:/Users/c.hughes/.m2/repository/org/codehaus/plexus/plexus-interpolation/1.21/plexus-interpolation-1.21.jar:/Users/c.hughes/.m2/repository/org/codehaus/plexus/plexus-component-annotations/1.6/plexus-component-annotations-1.6.jar:/Users/c.hughes/.m2/repository/org/apache/maven/maven-settings/3.3.9/maven-settings-3.3.9.jar:/Users/c.hughes/.m2/repository/org/sonatype/plexus/plexus-sec-dispatcher/1.3/plexus-sec-dispatcher-1.3.jar:/Users/c.hughes/.m2/repository/org/sonatype/plexus/plexus-cipher/1.4/plexus-cipher-1.4.jar:/Users/c.hughes/.m2/repository/org/apache/maven/maven-aether-provider/3.3.9/maven-aether-provider-3.3.9.jar:/Users/c.hughes/.m2/repository/org/apache/maven/maven-model-builder/3.3.9/maven-model-builder-3.3.9.jar:/Users/c.hughes/.m2/repository/org/apache/maven/maven-artifact/3.3.9/maven-artifact-3.3.9.jar:/Users/c.hughes/.m2/repository/org/apache/maven/maven-repository-metadata/3.3.9/maven-repository-metadata-3.3.9.jar:/Users/c.hughes/.m2/repository/org/eclipse/aether/aether-impl/1.0.2.v20150114/aether-impl-1.0.2.v20150114.jar:/Users/c.hughes/.m2/repository/com/beust/jcommander/1.69/jcommander-1.69.jar:/Users/c.hughes/.m2/repository/org/eclipse/sisu/org.eclipse.sisu.plexus/0.3.2/org.eclipse.sisu.plexus-0.3.2.jar:/Users/c.hughes/.m2/repository/junit/junit/4.12/junit-4.12.jar:/Users/c.hughes/.m2/repository/org/mule/tests/mule-tests-unit/4.4.0/mule-tests-unit-4.4.0.jar:/Users/c.hughes/.m2/repository/org/mockito/mockito-core/2.26.0/mockito-core-2.26.0.jar:/Users/c.hughes/.m2/repository/net/bytebuddy/byte-buddy-agent/1.9.10/byte-buddy-agent-1.9.10.jar:/Users/c.hughes/.m2/repository/org/objenesis/objenesis/2.6/objenesis-2.6.jar:/Users/c.hughes/.m2/repository/org/hamcrest/hamcrest-library/1.3/hamcrest-library-1.3.jar:/Users/c.hughes/.m2/repository/org/hamcrest/hamcrest-core/1.3/hamcrest-core-1.3.jar:"/>
    <property name="sun.cpu.endian" value="little"/>
    <property name="user.home" value="/Users/c.hughes"/>
    <property name="user.language" value="en"/>
    <property name="java.specification.vendor" value="Oracle Corporation"/>
    <property name="java.home" value="/Library/Java/JavaVirtualMachines/adoptopenjdk-8.jdk/Contents/Home/jre"/>
    <property name="basedir" value="/Users/c.hughes/dev/jwt-module"/>
    <property name="file.separator" value="/"/>
    <property name="line.separator" value="&#10;"/>
    <property name="java.vm.specification.vendor" value="Oracle Corporation"/>
    <property name="java.specification.name" value="Java Platform API Specification"/>
    <property name="java.awt.graphicsenv" value="sun.awt.CGraphicsEnvironment"/>
    <property name="surefire.real.class.path" value="/Users/c.hughes/dev/jwt-module/target/surefire/surefirebooter739553758637968332.jar"/>
    <property name="sun.boot.class.path" value="/Library/Java/JavaVirtualMachines/adoptopenjdk-8.jdk/Contents/Home/jre/lib/resources.jar:/Library/Java/JavaVirtualMachines/adoptopenjdk-8.jdk/Contents/Home/jre/lib/rt.jar:/Library/Java/JavaVirtualMachines/adoptopenjdk-8.jdk/Contents/Home/jre/lib/sunrsasign.jar:/Library/Java/JavaVirtualMachines/adoptopenjdk-8.jdk/Contents/Home/jre/lib/jsse.jar:/Library/Java/JavaVirtualMachines/adoptopenjdk-8.jdk/Contents/Home/jre/lib/jce.jar:/Library/Java/JavaVirtualMachines/adoptopenjdk-8.jdk/Contents/Home/jre/lib/charsets.jar:/Library/Java/JavaVirtualMachines/adoptopenjdk-8.jdk/Contents/Home/jre/lib/jfr.jar:/Library/Java/JavaVirtualMachines/adoptopenjdk-8.jdk/Contents/Home/jre/classes"/>
    <property name="sun.management.compiler" value="HotSpot 64-Bit Tiered Compilers"/>
    <property name="java.runtime.version" value="1.8.0_272-b10"/>
    <property name="user.name" value="c.hughes"/>
    <property name="path.separator" value=":"/>
    <property name="mule.home" value="/Users/c.hughes/dev/jwt-module"/>
    <property name="os.version" value="10.16"/>
    <property name="java.endorsed.dirs" value="/Library/Java/JavaVirtualMachines/adoptopenjdk-8.jdk/Contents/Home/jre/lib/endorsed"/>
    <property name="java.runtime.name" value="OpenJDK Runtime Environment"/>
    <property name="file.encoding" value="UTF-8"/>
    <property name="java.vm.name" value="OpenJDK 64-Bit Server VM"/>
    <property name="localRepository" value="/Users/c.hughes/.m2/repository"/>
    <property name="java.vendor.url.bug" value="https://github.com/AdoptOpenJDK/openjdk-support/issues"/>
    <property name="java.io.tmpdir" value="/var/folders/by/f_1j0v3d0bx0rtlr0tpjb32m0000gp/T/"/>
    <property name="java.version" value="1.8.0_272"/>
    <property name="user.dir" value="/Users/c.hughes/dev/jwt-module"/>
    <property name="os.arch" value="x86_64"/>
    <property name="java.vm.specification.name" value="Java Virtual Machine Specification"/>
    <property name="java.awt.printerjob" value="sun.lwawt.macosx.CPrinterJob"/>
    <property name="sun.os.patch.level" value="unknown"/>
    <property name="java.library.path" value="/Users/c.hughes/Library/Java/Extensions:/Library/Java/Extensions:/Network/Library/Java/Extensions:/System/Library/Java/Extensions:/usr/lib/java:."/>
    <property name="java.vm.info" value="mixed mode"/>
    <property name="java.vendor" value="AdoptOpenJDK"/>
    <property name="java.vm.version" value="25.272-b10"/>
    <property name="java.ext.dirs" value="/Users/c.hughes/Library/Java/Extensions:/Library/Java/JavaVirtualMachines/adoptopenjdk-8.jdk/Contents/Home/jre/lib/ext:/Library/Java/Extensions:/Network/Library/Java/Extensions:/System/Library/Java/Extensions:/usr/lib/java"/>
    <property name="sun.io.unicode.encoding" value="UnicodeBig"/>
    <property name="java.class.version" value="52.0"/>
  </properties>
  <testcase name="executeRS512Operation" classname="uk.org.mule.jwt.internal.JwtOperationsTestCase" time="4.865"/>
  <testcase name="executeRS256Operation" classname="uk.org.mule.jwt.internal.JwtOperationsTestCase" time="0.232"/>
</testsuite>